<?xml version="1.0" encoding="UTF-8"?>
<!-- Generated by org.testng.reporters.JUnitReportReporter -->
<testsuite hostname="LAPTOP-3LAJEQ06" failures="0" tests="6" name="org.AutomationAnywhere.com.VerifyingEachUrls" time="28.299" errors="0" timestamp="2025-05-18T23:54:00 IST" skipped="1">
  <testcase classname="org.AutomationAnywhere.com.VerifyingEachUrls" name="clickOnSolutions" time="6.850"/>
  <testcase classname="org.AutomationAnywhere.com.VerifyingEachUrls" name="clickOnPartner" time="8.231"/>
  <testcase classname="org.AutomationAnywhere.com.VerifyingEachUrls" name="demoLink" time="5.277"/>
  <testcase classname="org.AutomationAnywhere.com.VerifyingEachUrls" name="logo" time="1.785"/>
  <testcase classname="org.AutomationAnywhere.com.VerifyingEachUrls" name="clickOnProduct" time="6.156"/>
  <testcase classname="org.AutomationAnywhere.com.VerifyingEachUrls" name="clickOnResources">
    <skipped/>
  </testcase> <!-- clickOnResources -->
</testsuite> <!-- org.AutomationAnywhere.com.VerifyingEachUrls -->
