<?xml version="1.0" encoding="UTF-8"?>
<!-- Generated by org.testng.reporters.JUnitReportReporter -->
<testsuite hostname="LAPTOP-3LAJEQ06" failures="0" tests="1" name="org.AutomationAnywhere.com.ClickOnDemoRequest" time="3.448" errors="0" timestamp="2025-05-18T14:54:02 IST" skipped="0">
  <testcase classname="org.AutomationAnywhere.com.ClickOnDemoRequest" name="logo" time="3.448"/>
</testsuite> <!-- org.AutomationAnywhere.com.ClickOnDemoRequest -->
