<?xml version="1.0" encoding="UTF-8"?>
<!-- Generated by org.testng.reporters.JUnitReportReporter -->
<testsuite hostname="LAPTOP-3LAJEQ06" failures="0" tests="1" name="org.AutomationAnywhere.com.LaunchAutomationAnyWhere" time="3.553" errors="0" timestamp="2025-05-18T14:16:48 IST" skipped="0">
  <testcase classname="org.AutomationAnywhere.com.LaunchAutomationAnyWhere" name="setUp" time="3.553"/>
</testsuite> <!-- org.AutomationAnywhere.com.LaunchAutomationAnyWhere -->
